Build started 1/21/2013 9:42:38 PM.
     1>Project "C:\Users\rayond\Desktop\Spywarez\OpenGLApp\OpenGLApp\OpenGLApp.vcxproj" on node 2 (Build target(s)).
     1>ClCompile:
         C:\Program Files (x86)\Microsoft Visual Studio 11.0\VC\bin\CL.exe /c /ZI /nologo /W3 /WX- /Od /Oy- /D WIN32 /D _DEBUG /D _CONSOLE /D _UNICODE /D UNICODE /Gm /EHsc /RTC1 /MDd /GS /fp:precise /Zc:wchar_t /Zc:forScope /Fo"Debug\\" /Fd"Debug\vc110.pdb" /Gd /TP /analyze- /errorReport:prompt main.cpp
         main.cpp
     1>c:\users\rayond\desktop\spywarez\openglapp\openglapp\main.cpp(78): warning C4018: '<' : signed/unsigned mismatch
       Link:
         C:\Program Files (x86)\Microsoft Visual Studio 11.0\VC\bin\link.exe /ERRORREPORT:PROMPT /OUT:"C:\Users\rayond\Desktop\Spywarez\OpenGLApp\Debug\OpenGLApp.exe" /INCREMENTAL /NOLOGO /LIBPATH:C:\Users\rayond\Desktop\Spywarez\OpenGLApp\OpenGLApp /LIBPATH:"C:\Users\rayond\Downloads\freeglut-MSVC-2.8.0-1.mp (1)\freeglut" OpenGL32.lib freeglut.lib glui32.lib kernel32.lib user32.lib gdi32.lib winspool.lib comdlg32.lib advapi32.lib shell32.lib ole32.lib oleaut32.lib uuid.lib odbc32.lib odbccp32.lib /MANIFEST /MANIFESTUAC:"level='asInvoker' uiAccess='false'" /manifest:embed /DEBUG /PDB:"C:\Users\rayond\Desktop\Spywarez\OpenGLApp\Debug\OpenGLApp.pdb" /SUBSYSTEM:CONSOLE /TLBID:1 /DYNAMICBASE /NXCOMPAT /IMPLIB:"C:\Users\rayond\Desktop\Spywarez\OpenGLApp\Debug\OpenGLApp.lib" /MACHINE:X86 /SAFESEH Debug\AABox.obj
         Debug\Body.obj
         Debug\Capsule.obj
         Debug\CapsuleLoader.obj
         Debug\Circle.obj
         Debug\Collision.obj
         Debug\Contact.obj
         Debug\CreateEntity.obj
         Debug\Editor.obj
         Debug\Fixture.obj
         Debug\globals.obj
         Debug\PhysicsWorld.obj
         Debug\PlayerControls.obj
         Debug\Renderer.obj
         Debug\FMPLoader.obj
         Debug\Render.obj
         Debug\Shape.obj
         Debug\TileMap.obj
         Debug\Entity.obj
         Debug\main.obj
         Debug\Timer.obj
         Debug\TinyXML2.obj
         Debug\World.obj
         OpenGLApp.vcxproj -> C:\Users\rayond\Desktop\Spywarez\OpenGLApp\Debug\OpenGLApp.exe
     1>Done Building Project "C:\Users\rayond\Desktop\Spywarez\OpenGLApp\OpenGLApp\OpenGLApp.vcxproj" (Build target(s)).

Build succeeded.

Time Elapsed 00:00:08.11
