C:\USERS\RAYOND\DESKTOP\SPYWAREZ\OPENGLAPP\OPENGLAPP\DEBUG\AABOX.OBJ
C:\USERS\RAYOND\DESKTOP\SPYWAREZ\OPENGLAPP\OPENGLAPP\DEBUG\BODY.OBJ
C:\USERS\RAYOND\DESKTOP\SPYWAREZ\OPENGLAPP\OPENGLAPP\DEBUG\CAPSULE.OBJ
C:\USERS\RAYOND\DESKTOP\SPYWAREZ\OPENGLAPP\OPENGLAPP\DEBUG\CIRCLE.OBJ
C:\USERS\RAYOND\DESKTOP\SPYWAREZ\OPENGLAPP\OPENGLAPP\DEBUG\COLLISION.OBJ
C:\USERS\RAYOND\DESKTOP\SPYWAREZ\OPENGLAPP\OPENGLAPP\DEBUG\CONTACT.OBJ
C:\USERS\RAYOND\DESKTOP\SPYWAREZ\OPENGLAPP\OPENGLAPP\DEBUG\EDITOR.OBJ
C:\USERS\RAYOND\DESKTOP\SPYWAREZ\OPENGLAPP\OPENGLAPP\DEBUG\FIXTURE.OBJ
C:\USERS\RAYOND\DESKTOP\SPYWAREZ\OPENGLAPP\OPENGLAPP\DEBUG\GLOBALS.OBJ
C:\USERS\RAYOND\DESKTOP\SPYWAREZ\OPENGLAPP\OPENGLAPP\DEBUG\PHYSICSWORLD.OBJ
C:\USERS\RAYOND\DESKTOP\SPYWAREZ\OPENGLAPP\OPENGLAPP\DEBUG\PLAYERCONTROLS.OBJ
C:\USERS\RAYOND\DESKTOP\SPYWAREZ\OPENGLAPP\OPENGLAPP\DEBUG\RENDERER.OBJ
C:\USERS\RAYOND\DESKTOP\SPYWAREZ\OPENGLAPP\OPENGLAPP\DEBUG\FMPLOADER.OBJ
C:\USERS\RAYOND\DESKTOP\SPYWAREZ\OPENGLAPP\OPENGLAPP\DEBUG\RENDER.OBJ
C:\USERS\RAYOND\DESKTOP\SPYWAREZ\OPENGLAPP\OPENGLAPP\DEBUG\SHAPE.OBJ
C:\USERS\RAYOND\DESKTOP\SPYWAREZ\OPENGLAPP\OPENGLAPP\DEBUG\TILEMAP.OBJ
C:\USERS\RAYOND\DESKTOP\SPYWAREZ\OPENGLAPP\OPENGLAPP\DEBUG\ENTITY.OBJ
C:\USERS\RAYOND\DESKTOP\SPYWAREZ\OPENGLAPP\OPENGLAPP\DEBUG\MAIN.OBJ
C:\USERS\RAYOND\DESKTOP\SPYWAREZ\OPENGLAPP\OPENGLAPP\DEBUG\TINYXML2.OBJ
C:\USERS\RAYOND\DESKTOP\SPYWAREZ\OPENGLAPP\OPENGLAPP\DEBUG\WORLD.OBJ
C:\USERS\RAYOND\DESKTOP\SPYWAREZ\OPENGLAPP\OPENGLAPP\DEBUG\VC110.PDB
C:\USERS\RAYOND\DESKTOP\SPYWAREZ\OPENGLAPP\OPENGLAPP\DEBUG\CAPSULELOADER.OBJ
C:\USERS\RAYOND\DESKTOP\SPYWAREZ\OPENGLAPP\OPENGLAPP\DEBUG\CREATEENTITY.OBJ
C:\USERS\RAYOND\DESKTOP\SPYWAREZ\OPENGLAPP\OPENGLAPP\DEBUG\TIMER.OBJ
C:\USERS\RAYOND\DESKTOP\SPYWAREZ\OPENGLAPP\DEBUG\OPENGLAPP.ILK
C:\USERS\RAYOND\DESKTOP\SPYWAREZ\OPENGLAPP\DEBUG\OPENGLAPP.EXE
C:\USERS\RAYOND\DESKTOP\SPYWAREZ\OPENGLAPP\DEBUG\OPENGLAPP.PDB
C:\Users\rayond\Desktop\Spywarez\OpenGLApp\OpenGLApp\Debug\AABox.obj
C:\Users\rayond\Desktop\Spywarez\OpenGLApp\OpenGLApp\Debug\Body.obj
C:\Users\rayond\Desktop\Spywarez\OpenGLApp\OpenGLApp\Debug\Capsule.obj
C:\Users\rayond\Desktop\Spywarez\OpenGLApp\OpenGLApp\Debug\CapsuleLoader.obj
C:\Users\rayond\Desktop\Spywarez\OpenGLApp\OpenGLApp\Debug\Circle.obj
C:\Users\rayond\Desktop\Spywarez\OpenGLApp\OpenGLApp\Debug\Collision.obj
C:\Users\rayond\Desktop\Spywarez\OpenGLApp\OpenGLApp\Debug\Contact.obj
C:\Users\rayond\Desktop\Spywarez\OpenGLApp\OpenGLApp\Debug\CreateEntity.obj
C:\Users\rayond\Desktop\Spywarez\OpenGLApp\OpenGLApp\Debug\Fixture.obj
C:\Users\rayond\Desktop\Spywarez\OpenGLApp\OpenGLApp\Debug\FMPLoader.obj
C:\Users\rayond\Desktop\Spywarez\OpenGLApp\OpenGLApp\Debug\PhysicsWorld.obj
C:\Users\rayond\Desktop\Spywarez\OpenGLApp\OpenGLApp\Debug\PlayerControls.obj
C:\Users\rayond\Desktop\Spywarez\OpenGLApp\OpenGLApp\Debug\Render.obj
C:\Users\rayond\Desktop\Spywarez\OpenGLApp\OpenGLApp\Debug\Renderer.obj
C:\Users\rayond\Desktop\Spywarez\OpenGLApp\OpenGLApp\Debug\Shape.obj
C:\Users\rayond\Desktop\Spywarez\OpenGLApp\OpenGLApp\Debug\TileMap.obj
C:\Users\rayond\Desktop\Spywarez\OpenGLApp\OpenGLApp\Debug\Timer.obj
C:\Users\rayond\Desktop\Spywarez\OpenGLApp\OpenGLApp\Debug\TinyXML2.obj
C:\Users\rayond\Desktop\Spywarez\OpenGLApp\OpenGLApp\Debug\cl.command.1.tlog
C:\Users\rayond\Desktop\Spywarez\OpenGLApp\OpenGLApp\Debug\CL.read.1.tlog
C:\Users\rayond\Desktop\Spywarez\OpenGLApp\OpenGLApp\Debug\CL.write.1.tlog
C:\Users\rayond\Desktop\Spywarez\OpenGLApp\OpenGLApp\Debug\link-cvtres.read.1.tlog
C:\Users\rayond\Desktop\Spywarez\OpenGLApp\OpenGLApp\Debug\link-cvtres.write.1.tlog
C:\Users\rayond\Desktop\Spywarez\OpenGLApp\OpenGLApp\Debug\link-rc.read.1.tlog
C:\Users\rayond\Desktop\Spywarez\OpenGLApp\OpenGLApp\Debug\link-rc.write.1.tlog
C:\Users\rayond\Desktop\Spywarez\OpenGLApp\OpenGLApp\Debug\link.1184-cvtres.read.1.tlog
C:\Users\rayond\Desktop\Spywarez\OpenGLApp\OpenGLApp\Debug\link.1184-cvtres.write.1.tlog
C:\Users\rayond\Desktop\Spywarez\OpenGLApp\OpenGLApp\Debug\link.1184-rc.read.1.tlog
C:\Users\rayond\Desktop\Spywarez\OpenGLApp\OpenGLApp\Debug\link.1184-rc.write.1.tlog
C:\Users\rayond\Desktop\Spywarez\OpenGLApp\OpenGLApp\Debug\link.1184.read.1.tlog
C:\Users\rayond\Desktop\Spywarez\OpenGLApp\OpenGLApp\Debug\link.1184.write.1.tlog
C:\Users\rayond\Desktop\Spywarez\OpenGLApp\OpenGLApp\Debug\link.1424-cvtres.read.1.tlog
C:\Users\rayond\Desktop\Spywarez\OpenGLApp\OpenGLApp\Debug\link.1424-cvtres.write.1.tlog
C:\Users\rayond\Desktop\Spywarez\OpenGLApp\OpenGLApp\Debug\link.1424-rc.read.1.tlog
C:\Users\rayond\Desktop\Spywarez\OpenGLApp\OpenGLApp\Debug\link.1424-rc.write.1.tlog
C:\Users\rayond\Desktop\Spywarez\OpenGLApp\OpenGLApp\Debug\link.1424.read.1.tlog
C:\Users\rayond\Desktop\Spywarez\OpenGLApp\OpenGLApp\Debug\link.1424.write.1.tlog
C:\Users\rayond\Desktop\Spywarez\OpenGLApp\OpenGLApp\Debug\link.2000-cvtres.read.1.tlog
C:\Users\rayond\Desktop\Spywarez\OpenGLApp\OpenGLApp\Debug\link.2000-cvtres.write.1.tlog
C:\Users\rayond\Desktop\Spywarez\OpenGLApp\OpenGLApp\Debug\link.2000-rc.read.1.tlog
C:\Users\rayond\Desktop\Spywarez\OpenGLApp\OpenGLApp\Debug\link.2000-rc.write.1.tlog
C:\Users\rayond\Desktop\Spywarez\OpenGLApp\OpenGLApp\Debug\link.2000.read.1.tlog
C:\Users\rayond\Desktop\Spywarez\OpenGLApp\OpenGLApp\Debug\link.2000.write.1.tlog
C:\Users\rayond\Desktop\Spywarez\OpenGLApp\OpenGLApp\Debug\link.2644-cvtres.read.1.tlog
C:\Users\rayond\Desktop\Spywarez\OpenGLApp\OpenGLApp\Debug\link.2644-cvtres.write.1.tlog
C:\Users\rayond\Desktop\Spywarez\OpenGLApp\OpenGLApp\Debug\link.2644-rc.read.1.tlog
C:\Users\rayond\Desktop\Spywarez\OpenGLApp\OpenGLApp\Debug\link.2644-rc.write.1.tlog
C:\Users\rayond\Desktop\Spywarez\OpenGLApp\OpenGLApp\Debug\link.2644.read.1.tlog
C:\Users\rayond\Desktop\Spywarez\OpenGLApp\OpenGLApp\Debug\link.2644.write.1.tlog
C:\Users\rayond\Desktop\Spywarez\OpenGLApp\OpenGLApp\Debug\link.2988-cvtres.read.1.tlog
C:\Users\rayond\Desktop\Spywarez\OpenGLApp\OpenGLApp\Debug\link.2988-cvtres.write.1.tlog
C:\Users\rayond\Desktop\Spywarez\OpenGLApp\OpenGLApp\Debug\link.2988-rc.read.1.tlog
C:\Users\rayond\Desktop\Spywarez\OpenGLApp\OpenGLApp\Debug\link.2988-rc.write.1.tlog
C:\Users\rayond\Desktop\Spywarez\OpenGLApp\OpenGLApp\Debug\link.2988.read.1.tlog
C:\Users\rayond\Desktop\Spywarez\OpenGLApp\OpenGLApp\Debug\link.2988.write.1.tlog
C:\Users\rayond\Desktop\Spywarez\OpenGLApp\OpenGLApp\Debug\link.344-cvtres.read.1.tlog
C:\Users\rayond\Desktop\Spywarez\OpenGLApp\OpenGLApp\Debug\link.344-cvtres.write.1.tlog
C:\Users\rayond\Desktop\Spywarez\OpenGLApp\OpenGLApp\Debug\link.344-rc.read.1.tlog
C:\Users\rayond\Desktop\Spywarez\OpenGLApp\OpenGLApp\Debug\link.344-rc.write.1.tlog
C:\Users\rayond\Desktop\Spywarez\OpenGLApp\OpenGLApp\Debug\link.344.read.1.tlog
C:\Users\rayond\Desktop\Spywarez\OpenGLApp\OpenGLApp\Debug\link.344.write.1.tlog
C:\Users\rayond\Desktop\Spywarez\OpenGLApp\OpenGLApp\Debug\link.3516-cvtres.read.1.tlog
C:\Users\rayond\Desktop\Spywarez\OpenGLApp\OpenGLApp\Debug\link.3516-cvtres.write.1.tlog
C:\Users\rayond\Desktop\Spywarez\OpenGLApp\OpenGLApp\Debug\link.3516-rc.read.1.tlog
C:\Users\rayond\Desktop\Spywarez\OpenGLApp\OpenGLApp\Debug\link.3516-rc.write.1.tlog
C:\Users\rayond\Desktop\Spywarez\OpenGLApp\OpenGLApp\Debug\link.3516.read.1.tlog
C:\Users\rayond\Desktop\Spywarez\OpenGLApp\OpenGLApp\Debug\link.3516.write.1.tlog
C:\Users\rayond\Desktop\Spywarez\OpenGLApp\OpenGLApp\Debug\link.3596-cvtres.read.1.tlog
C:\Users\rayond\Desktop\Spywarez\OpenGLApp\OpenGLApp\Debug\link.3596-cvtres.write.1.tlog
C:\Users\rayond\Desktop\Spywarez\OpenGLApp\OpenGLApp\Debug\link.3596-rc.read.1.tlog
C:\Users\rayond\Desktop\Spywarez\OpenGLApp\OpenGLApp\Debug\link.3596-rc.write.1.tlog
C:\Users\rayond\Desktop\Spywarez\OpenGLApp\OpenGLApp\Debug\link.3596.read.1.tlog
C:\Users\rayond\Desktop\Spywarez\OpenGLApp\OpenGLApp\Debug\link.3596.write.1.tlog
C:\Users\rayond\Desktop\Spywarez\OpenGLApp\OpenGLApp\Debug\link.3628-cvtres.read.1.tlog
C:\Users\rayond\Desktop\Spywarez\OpenGLApp\OpenGLApp\Debug\link.3628-cvtres.write.1.tlog
C:\Users\rayond\Desktop\Spywarez\OpenGLApp\OpenGLApp\Debug\link.3628-rc.read.1.tlog
C:\Users\rayond\Desktop\Spywarez\OpenGLApp\OpenGLApp\Debug\link.3628-rc.write.1.tlog
C:\Users\rayond\Desktop\Spywarez\OpenGLApp\OpenGLApp\Debug\link.3628.read.1.tlog
C:\Users\rayond\Desktop\Spywarez\OpenGLApp\OpenGLApp\Debug\link.3628.write.1.tlog
C:\Users\rayond\Desktop\Spywarez\OpenGLApp\OpenGLApp\Debug\link.3648-cvtres.read.1.tlog
C:\Users\rayond\Desktop\Spywarez\OpenGLApp\OpenGLApp\Debug\link.3648-cvtres.write.1.tlog
C:\Users\rayond\Desktop\Spywarez\OpenGLApp\OpenGLApp\Debug\link.3648-rc.read.1.tlog
C:\Users\rayond\Desktop\Spywarez\OpenGLApp\OpenGLApp\Debug\link.3648-rc.write.1.tlog
C:\Users\rayond\Desktop\Spywarez\OpenGLApp\OpenGLApp\Debug\link.3648.read.1.tlog
C:\Users\rayond\Desktop\Spywarez\OpenGLApp\OpenGLApp\Debug\link.3648.write.1.tlog
C:\Users\rayond\Desktop\Spywarez\OpenGLApp\OpenGLApp\Debug\link.3692-cvtres.read.1.tlog
C:\Users\rayond\Desktop\Spywarez\OpenGLApp\OpenGLApp\Debug\link.3692-cvtres.write.1.tlog
C:\Users\rayond\Desktop\Spywarez\OpenGLApp\OpenGLApp\Debug\link.3692-rc.read.1.tlog
C:\Users\rayond\Desktop\Spywarez\OpenGLApp\OpenGLApp\Debug\link.3692-rc.write.1.tlog
C:\Users\rayond\Desktop\Spywarez\OpenGLApp\OpenGLApp\Debug\link.3692.read.1.tlog
C:\Users\rayond\Desktop\Spywarez\OpenGLApp\OpenGLApp\Debug\link.3692.write.1.tlog
C:\Users\rayond\Desktop\Spywarez\OpenGLApp\OpenGLApp\Debug\link.3824-cvtres.read.1.tlog
C:\Users\rayond\Desktop\Spywarez\OpenGLApp\OpenGLApp\Debug\link.3824-cvtres.write.1.tlog
C:\Users\rayond\Desktop\Spywarez\OpenGLApp\OpenGLApp\Debug\link.3824-rc.read.1.tlog
C:\Users\rayond\Desktop\Spywarez\OpenGLApp\OpenGLApp\Debug\link.3824-rc.write.1.tlog
C:\Users\rayond\Desktop\Spywarez\OpenGLApp\OpenGLApp\Debug\link.3824.read.1.tlog
C:\Users\rayond\Desktop\Spywarez\OpenGLApp\OpenGLApp\Debug\link.3824.write.1.tlog
C:\Users\rayond\Desktop\Spywarez\OpenGLApp\OpenGLApp\Debug\link.3976-cvtres.read.1.tlog
C:\Users\rayond\Desktop\Spywarez\OpenGLApp\OpenGLApp\Debug\link.3976-cvtres.write.1.tlog
C:\Users\rayond\Desktop\Spywarez\OpenGLApp\OpenGLApp\Debug\link.3976-rc.read.1.tlog
C:\Users\rayond\Desktop\Spywarez\OpenGLApp\OpenGLApp\Debug\link.3976-rc.write.1.tlog
C:\Users\rayond\Desktop\Spywarez\OpenGLApp\OpenGLApp\Debug\link.3976.read.1.tlog
C:\Users\rayond\Desktop\Spywarez\OpenGLApp\OpenGLApp\Debug\link.3976.write.1.tlog
C:\Users\rayond\Desktop\Spywarez\OpenGLApp\OpenGLApp\Debug\link.4000-cvtres.read.1.tlog
C:\Users\rayond\Desktop\Spywarez\OpenGLApp\OpenGLApp\Debug\link.4000-cvtres.write.1.tlog
C:\Users\rayond\Desktop\Spywarez\OpenGLApp\OpenGLApp\Debug\link.4000-rc.read.1.tlog
C:\Users\rayond\Desktop\Spywarez\OpenGLApp\OpenGLApp\Debug\link.4000-rc.write.1.tlog
C:\Users\rayond\Desktop\Spywarez\OpenGLApp\OpenGLApp\Debug\link.4000.read.1.tlog
C:\Users\rayond\Desktop\Spywarez\OpenGLApp\OpenGLApp\Debug\link.4000.write.1.tlog
C:\Users\rayond\Desktop\Spywarez\OpenGLApp\OpenGLApp\Debug\link.4780-cvtres.read.1.tlog
C:\Users\rayond\Desktop\Spywarez\OpenGLApp\OpenGLApp\Debug\link.4780-cvtres.write.1.tlog
C:\Users\rayond\Desktop\Spywarez\OpenGLApp\OpenGLApp\Debug\link.4780-rc.read.1.tlog
C:\Users\rayond\Desktop\Spywarez\OpenGLApp\OpenGLApp\Debug\link.4780-rc.write.1.tlog
C:\Users\rayond\Desktop\Spywarez\OpenGLApp\OpenGLApp\Debug\link.4780.read.1.tlog
C:\Users\rayond\Desktop\Spywarez\OpenGLApp\OpenGLApp\Debug\link.4780.write.1.tlog
C:\Users\rayond\Desktop\Spywarez\OpenGLApp\OpenGLApp\Debug\link.5028-cvtres.read.1.tlog
C:\Users\rayond\Desktop\Spywarez\OpenGLApp\OpenGLApp\Debug\link.5028-cvtres.write.1.tlog
C:\Users\rayond\Desktop\Spywarez\OpenGLApp\OpenGLApp\Debug\link.5028-rc.read.1.tlog
C:\Users\rayond\Desktop\Spywarez\OpenGLApp\OpenGLApp\Debug\link.5028-rc.write.1.tlog
C:\Users\rayond\Desktop\Spywarez\OpenGLApp\OpenGLApp\Debug\link.5028.read.1.tlog
C:\Users\rayond\Desktop\Spywarez\OpenGLApp\OpenGLApp\Debug\link.5028.write.1.tlog
C:\Users\rayond\Desktop\Spywarez\OpenGLApp\OpenGLApp\Debug\link.command.1.tlog
C:\Users\rayond\Desktop\Spywarez\OpenGLApp\OpenGLApp\Debug\link.read.1.tlog
C:\Users\rayond\Desktop\Spywarez\OpenGLApp\OpenGLApp\Debug\link.write.1.tlog
C:\Users\rayond\Desktop\Spywarez\OpenGLApp\OpenGLApp\Debug\vc110.idb
C:\Users\rayond\Desktop\Spywarez\OpenGLApp\OpenGLApp\Debug\vc110.pdb
C:\Users\rayond\Desktop\Spywarez\OpenGLApp\Debug\OpenGLApp.pdb
C:\Users\rayond\Desktop\Spywarez\OpenGLApp\Debug\OpenGLApp.exe
C:\Users\rayond\Desktop\Spywarez\OpenGLApp\Debug\OpenGLApp.ilk
