C:\USERS\RAYOND\DESKTOP\SPYWAREZ\OPENGLAPP\OPENGLAPP\RELEASE\WORLD.OBJ
C:\USERS\RAYOND\DESKTOP\SPYWAREZ\OPENGLAPP\OPENGLAPP\RELEASE\TINYXML2.OBJ
C:\USERS\RAYOND\DESKTOP\SPYWAREZ\OPENGLAPP\OPENGLAPP\RELEASE\MAIN.OBJ
C:\USERS\RAYOND\DESKTOP\SPYWAREZ\OPENGLAPP\OPENGLAPP\RELEASE\ENTITY.OBJ
C:\USERS\RAYOND\DESKTOP\SPYWAREZ\OPENGLAPP\OPENGLAPP\RELEASE\TILEMAP.OBJ
C:\USERS\RAYOND\DESKTOP\SPYWAREZ\OPENGLAPP\OPENGLAPP\RELEASE\SHAPE.OBJ
C:\USERS\RAYOND\DESKTOP\SPYWAREZ\OPENGLAPP\OPENGLAPP\RELEASE\RENDER.OBJ
C:\USERS\RAYOND\DESKTOP\SPYWAREZ\OPENGLAPP\OPENGLAPP\RELEASE\FMPLOADER.OBJ
C:\USERS\RAYOND\DESKTOP\SPYWAREZ\OPENGLAPP\OPENGLAPP\RELEASE\RENDERER.OBJ
C:\USERS\RAYOND\DESKTOP\SPYWAREZ\OPENGLAPP\OPENGLAPP\RELEASE\PHYSICSWORLD.OBJ
C:\USERS\RAYOND\DESKTOP\SPYWAREZ\OPENGLAPP\OPENGLAPP\RELEASE\GLOBALS.OBJ
C:\USERS\RAYOND\DESKTOP\SPYWAREZ\OPENGLAPP\OPENGLAPP\RELEASE\FIXTURE.OBJ
C:\USERS\RAYOND\DESKTOP\SPYWAREZ\OPENGLAPP\OPENGLAPP\RELEASE\EDITOR.OBJ
C:\USERS\RAYOND\DESKTOP\SPYWAREZ\OPENGLAPP\OPENGLAPP\RELEASE\CONTACT.OBJ
C:\USERS\RAYOND\DESKTOP\SPYWAREZ\OPENGLAPP\OPENGLAPP\RELEASE\COLLISION.OBJ
C:\USERS\RAYOND\DESKTOP\SPYWAREZ\OPENGLAPP\OPENGLAPP\RELEASE\CIRCLE.OBJ
C:\USERS\RAYOND\DESKTOP\SPYWAREZ\OPENGLAPP\OPENGLAPP\RELEASE\CAPSULE.OBJ
C:\USERS\RAYOND\DESKTOP\SPYWAREZ\OPENGLAPP\OPENGLAPP\RELEASE\BODY.OBJ
C:\USERS\RAYOND\DESKTOP\SPYWAREZ\OPENGLAPP\OPENGLAPP\RELEASE\VC110.PDB
C:\Users\rayond\Desktop\Spywarez\OpenGLApp\OpenGLApp\Release\Body.obj
C:\Users\rayond\Desktop\Spywarez\OpenGLApp\OpenGLApp\Release\Capsule.obj
C:\Users\rayond\Desktop\Spywarez\OpenGLApp\OpenGLApp\Release\Circle.obj
C:\Users\rayond\Desktop\Spywarez\OpenGLApp\OpenGLApp\Release\Collision.obj
C:\Users\rayond\Desktop\Spywarez\OpenGLApp\OpenGLApp\Release\Contact.obj
C:\Users\rayond\Desktop\Spywarez\OpenGLApp\OpenGLApp\Release\Editor.obj
C:\Users\rayond\Desktop\Spywarez\OpenGLApp\OpenGLApp\Release\Entity.obj
C:\Users\rayond\Desktop\Spywarez\OpenGLApp\OpenGLApp\Release\Fixture.obj
C:\Users\rayond\Desktop\Spywarez\OpenGLApp\OpenGLApp\Release\FMPLoader.obj
C:\Users\rayond\Desktop\Spywarez\OpenGLApp\OpenGLApp\Release\globals.obj
C:\Users\rayond\Desktop\Spywarez\OpenGLApp\OpenGLApp\Release\main.obj
C:\Users\rayond\Desktop\Spywarez\OpenGLApp\OpenGLApp\Release\PhysicsWorld.obj
C:\Users\rayond\Desktop\Spywarez\OpenGLApp\OpenGLApp\Release\Render.obj
C:\Users\rayond\Desktop\Spywarez\OpenGLApp\OpenGLApp\Release\Renderer.obj
C:\Users\rayond\Desktop\Spywarez\OpenGLApp\OpenGLApp\Release\Shape.obj
C:\Users\rayond\Desktop\Spywarez\OpenGLApp\OpenGLApp\Release\TileMap.obj
C:\Users\rayond\Desktop\Spywarez\OpenGLApp\OpenGLApp\Release\TinyXML2.obj
C:\Users\rayond\Desktop\Spywarez\OpenGLApp\OpenGLApp\Release\World.obj
C:\Users\rayond\Desktop\Spywarez\OpenGLApp\OpenGLApp\Release\cl.command.1.tlog
C:\Users\rayond\Desktop\Spywarez\OpenGLApp\OpenGLApp\Release\CL.read.1.tlog
C:\Users\rayond\Desktop\Spywarez\OpenGLApp\OpenGLApp\Release\CL.write.1.tlog
C:\Users\rayond\Desktop\Spywarez\OpenGLApp\OpenGLApp\Release\link.command.1.tlog
C:\Users\rayond\Desktop\Spywarez\OpenGLApp\OpenGLApp\Release\link.read.1.tlog
C:\Users\rayond\Desktop\Spywarez\OpenGLApp\OpenGLApp\Release\link.write.1.tlog
C:\Users\rayond\Desktop\Spywarez\OpenGLApp\OpenGLApp\Release\vc110.pdb
C:\Users\rayond\Desktop\Spywarez\OpenGLApp\Release\OpenGLApp.exe
